Added Component: Designator=C1(Cap 100uF 50V)
Add component. Clean all parameters for all variants
Add component (AddParameter): Name = "LatestRevisionDate"; Value = "17-Jul-2002"; VariantName = "[No Variations]"
Add component (AddParameter): Name = "LatestRevisionNote"; Value = "Re-released for DXP Platform."; VariantName = "[No Variations]"
Add component (AddParameter): Name = "PackageDescription"; Value = "Polarized Capacitor (Radial); 2 Leads"; VariantName = "[No Variations]"
Add component (AddParameter): Name = "PackageReference"; Value = "RB7.6-15"; VariantName = "[No Variations]"
Add component (AddParameter): Name = "Published"; Value = "8-Jun-2000"; VariantName = "[No Variations]"
Add component (AddParameter): Name = "Publisher"; Value = "Altium Limited"; VariantName = "[No Variations]"
Added Component: Designator=C2(Cap 100uF 50V)
Add component. Clean all parameters for all variants
Add component (AddParameter): Name = "LatestRevisionDate"; Value = "17-Jul-2002"; VariantName = "[No Variations]"
Add component (AddParameter): Name = "LatestRevisionNote"; Value = "Re-released for DXP Platform."; VariantName = "[No Variations]"
Add component (AddParameter): Name = "PackageDescription"; Value = "Polarized Capacitor (Radial); 2 Leads"; VariantName = "[No Variations]"
Add component (AddParameter): Name = "PackageReference"; Value = "RB7.6-15"; VariantName = "[No Variations]"
Add component (AddParameter): Name = "Published"; Value = "8-Jun-2000"; VariantName = "[No Variations]"
Add component (AddParameter): Name = "Publisher"; Value = "Altium Limited"; VariantName = "[No Variations]"
Added Component: Designator=eje x(DRIVER A4988)
Add component. Clean all parameters for all variants
Added Component: Designator=eje y(DRIVER A4988)
Add component. Clean all parameters for all variants
Added Component: Designator=J1(HDR1X6)
Add component. Clean all parameters for all variants
Added Component: Designator=J2(HDR1X6)
Add component. Clean all parameters for all variants
Added Component: Designator=J3(BORNERA X8)
Add component. Clean all parameters for all variants
Added Component: Designator=J4(HDR1X7)
Add component. Clean all parameters for all variants
Added Component: Designator=J5(HDR1X2)
Add component. Clean all parameters for all variants
Add component (AddParameter): Name = "LatestRevisionDate"; Value = "17-Jul-2002"; VariantName = "[No Variations]"
Add component (AddParameter): Name = "LatestRevisionNote"; Value = "Re-released for DXP Platform."; VariantName = "[No Variations]"
Add component (AddParameter): Name = "Publisher"; Value = "Altium Limited"; VariantName = "[No Variations]"
Added Component: Designator=J6(HDR1X4)
Add component. Clean all parameters for all variants
Add component (AddParameter): Name = "LatestRevisionDate"; Value = "17-Jul-2002"; VariantName = "[No Variations]"
Add component (AddParameter): Name = "LatestRevisionNote"; Value = "Re-released for DXP Platform."; VariantName = "[No Variations]"
Add component (AddParameter): Name = "Publisher"; Value = "Altium Limited"; VariantName = "[No Variations]"
Added Component: Designator=J7(HDR1X4)
Add component. Clean all parameters for all variants
Add component (AddParameter): Name = "LatestRevisionDate"; Value = "17-Jul-2002"; VariantName = "[No Variations]"
Add component (AddParameter): Name = "LatestRevisionNote"; Value = "Re-released for DXP Platform."; VariantName = "[No Variations]"
Add component (AddParameter): Name = "Publisher"; Value = "Altium Limited"; VariantName = "[No Variations]"
Added Component: Designator=J8(HDR1X4)
Add component. Clean all parameters for all variants
Add component (AddParameter): Name = "LatestRevisionDate"; Value = "17-Jul-2002"; VariantName = "[No Variations]"
Add component (AddParameter): Name = "LatestRevisionNote"; Value = "Re-released for DXP Platform."; VariantName = "[No Variations]"
Add component (AddParameter): Name = "Publisher"; Value = "Altium Limited"; VariantName = "[No Variations]"
Added Component: Designator=J9(HDR1X4)
Add component. Clean all parameters for all variants
Add component (AddParameter): Name = "LatestRevisionDate"; Value = "17-Jul-2002"; VariantName = "[No Variations]"
Add component (AddParameter): Name = "LatestRevisionNote"; Value = "Re-released for DXP Platform."; VariantName = "[No Variations]"
Add component (AddParameter): Name = "Publisher"; Value = "Altium Limited"; VariantName = "[No Variations]"
Added Component: Designator=J10(HDR1X2)
Add component. Clean all parameters for all variants
Add component (AddParameter): Name = "LatestRevisionDate"; Value = "17-Jul-2002"; VariantName = "[No Variations]"
Add component (AddParameter): Name = "LatestRevisionNote"; Value = "Re-released for DXP Platform."; VariantName = "[No Variations]"
Add component (AddParameter): Name = "Publisher"; Value = "Altium Limited"; VariantName = "[No Variations]"
Added Component: Designator=J11(HDR1X4)
Add component. Clean all parameters for all variants
Add component (AddParameter): Name = "LatestRevisionDate"; Value = "17-Jul-2002"; VariantName = "[No Variations]"
Add component (AddParameter): Name = "LatestRevisionNote"; Value = "Re-released for DXP Platform."; VariantName = "[No Variations]"
Add component (AddParameter): Name = "Publisher"; Value = "Altium Limited"; VariantName = "[No Variations]"
Added Component: Designator=J12(HDR1X6)
Add component. Clean all parameters for all variants
Added Component: Designator=J13(HDR1X3)
Add component. Clean all parameters for all variants
Add component (AddParameter): Name = "LatestRevisionDate"; Value = "17-Jul-2002"; VariantName = "[No Variations]"
Add component (AddParameter): Name = "LatestRevisionNote"; Value = "Re-released for DXP Platform."; VariantName = "[No Variations]"
Add component (AddParameter): Name = "Publisher"; Value = "Altium Limited"; VariantName = "[No Variations]"
Added Pin To Net: NetName=1A_X Pin=eje x-4
Added Pin To Net: NetName=1A_X Pin=J6-3
Added Net: Name=1A_X
Added Pin To Net: NetName=1A_Y Pin=eje y-4
Added Pin To Net: NetName=1A_Y Pin=J7-3
Added Net: Name=1A_Y
Added Pin To Net: NetName=1B_X Pin=eje x-5
Added Pin To Net: NetName=1B_X Pin=J6-4
Added Net: Name=1B_X
Added Pin To Net: NetName=1B_Y Pin=eje y-5
Added Pin To Net: NetName=1B_Y Pin=J7-4
Added Net: Name=1B_Y
Added Pin To Net: NetName=2A_X Pin=eje x-3
Added Pin To Net: NetName=2A_X Pin=J6-2
Added Net: Name=2A_X
Added Pin To Net: NetName=2A_Y Pin=eje y-3
Added Pin To Net: NetName=2A_Y Pin=J7-2
Added Net: Name=2A_Y
Added Pin To Net: NetName=2B_X Pin=eje x-2
Added Pin To Net: NetName=2B_X Pin=J6-1
Added Net: Name=2B_X
Added Pin To Net: NetName=2B_Y Pin=eje y-2
Added Pin To Net: NetName=2B_Y Pin=J7-1
Added Net: Name=2B_Y
Added Pin To Net: NetName=3.3V Pin=J1-2
Added Pin To Net: NetName=3.3V Pin=J11-4
Added Net: Name=3.3V
Added Pin To Net: NetName=5V Pin=eje x-6
Added Pin To Net: NetName=5V Pin=eje x-8
Added Pin To Net: NetName=5V Pin=eje y-6
Added Pin To Net: NetName=5V Pin=eje y-8
Added Pin To Net: NetName=5V Pin=J1-3
Added Pin To Net: NetName=5V Pin=J11-3
Added Net: Name=5V
Added Pin To Net: NetName=12V Pin=C1-1
Added Pin To Net: NetName=12V Pin=C2-1
Added Pin To Net: NetName=12V Pin=eje x-0
Added Pin To Net: NetName=12V Pin=eje y-0
Added Pin To Net: NetName=12V Pin=J5-2
Added Net: Name=12V
Added Pin To Net: NetName=A0 Pin=J2-1
Added Pin To Net: NetName=A0 Pin=J12-1
Added Net: Name=A0
Added Pin To Net: NetName=A1 Pin=J2-2
Added Pin To Net: NetName=A1 Pin=J12-2
Added Net: Name=A1
Added Pin To Net: NetName=A2 Pin=J2-3
Added Pin To Net: NetName=A2 Pin=J12-3
Added Net: Name=A2
Added Pin To Net: NetName=A3 Pin=J2-4
Added Pin To Net: NetName=A3 Pin=J12-4
Added Net: Name=A3
Added Pin To Net: NetName=A4 Pin=J2-5
Added Pin To Net: NetName=A4 Pin=J12-5
Added Net: Name=A4
Added Pin To Net: NetName=A5 Pin=J2-6
Added Pin To Net: NetName=A5 Pin=J12-6
Added Net: Name=A5
Added Pin To Net: NetName=D0 Pin=J3-1
Added Pin To Net: NetName=D0 Pin=J11-2
Added Net: Name=D0
Added Pin To Net: NetName=D1 Pin=J3-2
Added Pin To Net: NetName=D1 Pin=J11-1
Added Net: Name=D1
Added Pin To Net: NetName=D2 Pin=eje x-14
Added Pin To Net: NetName=D2 Pin=J3-3
Added Net: Name=D2
Added Pin To Net: NetName=D3 Pin=eje x-15
Added Pin To Net: NetName=D3 Pin=J3-4
Added Net: Name=D3
Added Pin To Net: NetName=D4 Pin=eje y-14
Added Pin To Net: NetName=D4 Pin=J3-5
Added Net: Name=D4
Added Pin To Net: NetName=D5 Pin=eje y-15
Added Pin To Net: NetName=D5 Pin=J3-6
Added Net: Name=D5
Added Pin To Net: NetName=D6 Pin=eje x-9
Added Pin To Net: NetName=D6 Pin=eje y-9
Added Pin To Net: NetName=D6 Pin=J3-7
Added Net: Name=D6
Added Pin To Net: NetName=D7 Pin=eje x-10
Added Pin To Net: NetName=D7 Pin=eje y-10
Added Pin To Net: NetName=D7 Pin=J3-8
Added Net: Name=D7
Added Pin To Net: NetName=D8 Pin=eje x-11
Added Pin To Net: NetName=D8 Pin=eje y-11
Added Pin To Net: NetName=D8 Pin=J4-1
Added Net: Name=D8
Added Pin To Net: NetName=D9 Pin=J4-2
Added Pin To Net: NetName=D9 Pin=J8-3
Added Pin To Net: NetName=D9 Pin=J8-4
Added Net: Name=D9
Added Pin To Net: NetName=D10 Pin=J4-3
Added Pin To Net: NetName=D10 Pin=J8-1
Added Pin To Net: NetName=D10 Pin=J8-2
Added Net: Name=D10
Added Pin To Net: NetName=D11 Pin=J4-4
Added Pin To Net: NetName=D11 Pin=J13-3
Added Net: Name=D11
Added Pin To Net: NetName=D12 Pin=J4-5
Added Pin To Net: NetName=D12 Pin=J13-2
Added Net: Name=D12
Added Pin To Net: NetName=D13 Pin=J4-6
Added Pin To Net: NetName=D13 Pin=J13-1
Added Net: Name=D13
Added Pin To Net: NetName=GND Pin=C1-2
Added Pin To Net: NetName=GND Pin=C2-2
Added Pin To Net: NetName=GND Pin=eje x-1
Added Pin To Net: NetName=GND Pin=eje x-7
Added Pin To Net: NetName=GND Pin=eje y-1
Added Pin To Net: NetName=GND Pin=eje y-7
Added Pin To Net: NetName=GND Pin=J1-4
Added Pin To Net: NetName=GND Pin=J1-5
Added Pin To Net: NetName=GND Pin=J4-7
Added Pin To Net: NetName=GND Pin=J5-1
Added Pin To Net: NetName=GND Pin=J9-1
Added Pin To Net: NetName=GND Pin=J9-2
Added Pin To Net: NetName=GND Pin=J9-3
Added Pin To Net: NetName=GND Pin=J9-4
Added Pin To Net: NetName=GND Pin=J10-1
Added Net: Name=GND
Added Pin To Net: NetName=Neteje x_12 Pin=eje x-12
Added Pin To Net: NetName=Neteje x_12 Pin=eje x-13
Added Net: Name=Neteje x_12
Added Pin To Net: NetName=Neteje y_12 Pin=eje y-12
Added Pin To Net: NetName=Neteje y_12 Pin=eje y-13
Added Net: Name=Neteje y_12
Added Pin To Net: NetName=RST Pin=J1-1
Added Pin To Net: NetName=RST Pin=J10-2
Added Net: Name=RST
Added Pin To Net: NetName=VIN Pin=J1-6
Added Net: Name=VIN
Added Class: Name=Sheet1
