Removed Pin From Net: NetName=5V Pin=eje x-8
Removed Pin From Net: NetName=5V Pin=eje y-8
Removed Pin From Net: NetName=GND Pin=J13-1
Removed Pin From Net: NetName=D13 Pin=J13-2
Removed Pin From Net: NetName=D12 Pin=J13-3
Removed Pin From Net: NetName=D11 Pin=J13-4
Added Component: Designator=J13(HDR1X3)
Add component (AddParameter): Name = "LatestRevisionDate"; Value = "17-Jul-2002"; VariantName = "[No Variations]"
Add component (AddParameter): Name = "LatestRevisionNote"; Value = "Re-released for DXP Platform."; VariantName = "[No Variations]"
Add component (AddParameter): Name = "Publisher"; Value = "Altium Limited"; VariantName = "[No Variations]"
Added Component: Designator=J14(HDR1X3)
Add component (AddParameter): Name = "LatestRevisionDate"; Value = "17-Jul-2002"; VariantName = "[No Variations]"
Add component (AddParameter): Name = "LatestRevisionNote"; Value = "Re-released for DXP Platform."; VariantName = "[No Variations]"
Add component (AddParameter): Name = "Publisher"; Value = "Altium Limited"; VariantName = "[No Variations]"
Added Pin To Net: NetName=GND Pin=J13-1
Added Pin To Net: NetName=D13 Pin=J13-2
Added Pin To Net: NetName=D12 Pin=J13-3
Added Pin To Net: NetName=D11 Pin=J14-1
Added Pin To Net: NetName=5V Pin=J14-2
Added Pin To Net: NetName=GND Pin=J14-3
Added Member To Class: ClassName=Sheet1 Member=Component J3 1
Added Member To Class: ClassName=Sheet1 Member=Component J4 1
Added Member To Class: ClassName=Sheet1 Member=Component J14 Header 3
Added Room: Name=Sheet1
