Removed Pin From Net: NetName=D13 Pin=J13-1
Removed Pin From Net: NetName=D12 Pin=J13-2
Removed Pin From Net: NetName=D11 Pin=J13-3
Added Component: Designator=J10(HDR1X2)
Add component. Clean all parameters for all variants
Add component (AddParameter): Name = "LatestRevisionDate"; Value = "17-Jul-2002"; VariantName = "[No Variations]"
Add component (AddParameter): Name = "LatestRevisionNote"; Value = "Re-released for DXP Platform."; VariantName = "[No Variations]"
Add component (AddParameter): Name = "Publisher"; Value = "Altium Limited"; VariantName = "[No Variations]"
Added Component: Designator=J13(HDR1X4)
Add component. Clean all parameters for all variants
Add component (AddParameter): Name = "LatestRevisionDate"; Value = "17-Jul-2002"; VariantName = "[No Variations]"
Add component (AddParameter): Name = "LatestRevisionNote"; Value = "Re-released for DXP Platform."; VariantName = "[No Variations]"
Add component (AddParameter): Name = "Publisher"; Value = "Altium Limited"; VariantName = "[No Variations]"
Added Pin To Net: NetName=GND Pin=J10-1
Added Pin To Net: NetName=GND Pin=J10-2
Added Pin To Net: NetName=GND Pin=J13-1
Added Pin To Net: NetName=D13 Pin=J13-2
Added Pin To Net: NetName=D12 Pin=J13-3
Added Pin To Net: NetName=D11 Pin=J13-4
Added Member To Class: ClassName=Sheet1 Member=Component J10 GND
